<?xml version="1.0" encoding="UTF-8"?>
<!-- Generated by org.testng.reporters.JUnitReportReporter -->
<testsuite skipped="0" hostname="Lenovo" name="com.automation.ecommerce.homepage.TC001_CustomerRegistration" tests="2" failures="0" timestamp="17 Aug 2018 10:27:36 GMT" time="105.097" errors="0">
  <testcase name="CustomerRegistration" time="101.325" classname="com.automation.ecommerce.homepage.TC001_CustomerRegistration"/>
  <testcase name="customerSign" time="3.772" classname="com.automation.ecommerce.homepage.TC001_CustomerRegistration"/>
</testsuite> <!-- com.automation.ecommerce.homepage.TC001_CustomerRegistration -->
