<?xml version="1.0" encoding="UTF-8"?>
<!-- Generated by org.testng.reporters.JUnitReportReporter -->
<testsuite skipped="0" hostname="Lenovo" name="com.automation.ecommerce.homepage.TC001_CustomerRegistration" tests="2" failures="0" timestamp="17 Aug 2018 10:31:28 GMT" time="108.393" errors="0">
  <testcase name="CustomerRegistration" time="104.603" classname="com.automation.ecommerce.homepage.TC001_CustomerRegistration"/>
  <testcase name="customerSign" time="3.790" classname="com.automation.ecommerce.homepage.TC001_CustomerRegistration"/>
</testsuite> <!-- com.automation.ecommerce.homepage.TC001_CustomerRegistration -->
