<?xml version="1.0" encoding="UTF-8"?>
<!-- Generated by org.testng.reporters.JUnitReportReporter -->
<testsuite skipped="0" hostname="Lenovo" name="com.selenium.poi.excel.AddColumn" tests="1" failures="0" timestamp="19 Jul 2018 14:34:40 GMT" time="2.635" errors="0">
  <testcase name="f" time="2.635" classname="com.selenium.poi.excel.AddColumn"/>
</testsuite> <!-- com.selenium.poi.excel.AddColumn -->
