<?xml version="1.0" encoding="UTF-8"?>
<!-- Generated by org.testng.reporters.JUnitReportReporter -->
<testsuite skipped="0" hostname="Lenovo" name="com.selenium.radiobuttons.RadioButtonProperties" tests="1" failures="0" timestamp="28 Jun 2018 10:27:39 GMT" time="2.096" errors="0">
  <testcase name="f" time="2.096" classname="com.selenium.radiobuttons.RadioButtonProperties"/>
</testsuite> <!-- com.selenium.radiobuttons.RadioButtonProperties -->
