<?xml version="1.0" encoding="UTF-8"?>
<!-- Generated by org.testng.reporters.JUnitReportReporter -->
<testsuite skipped="0" hostname="Lenovo" name="com.selenium.TDropDown.DropDowntest2" tests="2" failures="0" timestamp="26 Jun 2018 08:26:52 GMT" time="33.997" errors="0">
  <testcase name="AmazonDD_2" time="15.345" classname="com.selenium.TDropDown.DropDowntest2"/>
  <testcase name="AmazonDD_1" time="18.652" classname="com.selenium.TDropDown.DropDowntest2"/>
</testsuite> <!-- com.selenium.TDropDown.DropDowntest2 -->
