<?xml version="1.0" encoding="UTF-8"?>
<!-- Generated by org.testng.reporters.JUnitReportReporter -->
<testsuite skipped="0" hostname="Lenovo" name="com.selenium.radiobuttons.Print_Radio_Button_Properties" tests="1" failures="0" timestamp="02 Jul 2018 14:58:32 GMT" time="55.704" errors="0">
  <testcase name="f" time="55.704" classname="com.selenium.radiobuttons.Print_Radio_Button_Properties"/>
</testsuite> <!-- com.selenium.radiobuttons.Print_Radio_Button_Properties -->
