<?xml version="1.0" encoding="UTF-8"?>
<!-- Generated by org.testng.reporters.JUnitReportReporter -->
<testsuite skipped="0" hostname="Lenovo" name="com.selenium.ExcelApi.HMS_Login_ExcelAPI" tests="1" failures="0" timestamp="23 Jul 2018 16:51:20 GMT" time="26.273" errors="0">
  <testcase name="f" time="26.273" classname="com.selenium.ExcelApi.HMS_Login_ExcelAPI"/>
</testsuite> <!-- com.selenium.ExcelApi.HMS_Login_ExcelAPI -->
