<?xml version="1.0" encoding="UTF-8"?>
<!-- Generated by org.testng.reporters.JUnitReportReporter -->
<testsuite skipped="0" hostname="Lenovo" name="com.selenium.ExcelApi.ReadExcelDataDriverClass" tests="1" failures="0" timestamp="23 Jul 2018 16:29:44 GMT" time="0.918" errors="0">
  <testcase name="f" time="0.918" classname="com.selenium.ExcelApi.ReadExcelDataDriverClass"/>
</testsuite> <!-- com.selenium.ExcelApi.ReadExcelDataDriverClass -->
