<?xml version="1.0" encoding="UTF-8"?>
<!-- Generated by org.testng.reporters.JUnitReportReporter -->
<testsuite skipped="0" hostname="Lenovo" name="com.selenium.poi.excel.NewTest" tests="1" failures="0" timestamp="19 Jul 2018 17:33:20 GMT" time="1.172" errors="0">
  <testcase name="f" time="1.172" classname="com.selenium.poi.excel.NewTest"/>
</testsuite> <!-- com.selenium.poi.excel.NewTest -->
