<?xml version="1.0" encoding="UTF-8"?>
<!-- Generated by org.testng.reporters.JUnitReportReporter -->
<testsuite skipped="0" hostname="Lenovo" name="com.selenium.dropdownclick.Drop_Down_Value_Click" tests="1" failures="0" timestamp="27 Jun 2018 10:42:51 GMT" time="9.887" errors="0">
  <testcase name="Clickdropdown" time="9.887" classname="com.selenium.dropdownclick.Drop_Down_Value_Click"/>
</testsuite> <!-- com.selenium.dropdownclick.Drop_Down_Value_Click -->
