<?xml version="1.0" encoding="UTF-8"?>
<!-- Generated by org.testng.reporters.JUnitReportReporter -->
<testsuite skipped="0" hostname="Lenovo" name="com.selenium.Drag_Drop.DragNDrop" tests="1" failures="0" timestamp="10 Jul 2018 13:11:05 GMT" time="0.452" errors="0">
  <testcase name="Drag_Drop" time="0.452" classname="com.selenium.Drag_Drop.DragNDrop"/>
</testsuite> <!-- com.selenium.Drag_Drop.DragNDrop -->
