<?xml version="1.0" encoding="UTF-8"?>
<!-- Generated by org.testng.reporters.JUnitReportReporter -->
<testsuite skipped="1" hostname="Lenovo" name="com.selenium.Slider.Slider" tests="2" failures="0" timestamp="10 Jul 2018 16:53:56 GMT" time="28.346" errors="0">
  <testcase name="browserslider" time="28.346" classname="com.selenium.Slider.Slider"/>
  <testcase name="slider" classname="com.selenium.Slider.Slider">
    <skipped/>
  </testcase> <!-- slider -->
</testsuite> <!-- com.selenium.Slider.Slider -->
