<?xml version="1.0" encoding="UTF-8"?>
<!-- Generated by org.testng.reporters.JUnitReportReporter -->
<testsuite skipped="0" hostname="Lenovo" name="com.selenium.screenshots.Basedon_Condiation" tests="1" failures="0" timestamp="05 Jul 2018 10:26:55 GMT" time="2.664" errors="0">
  <testcase name="f" time="2.664" classname="com.selenium.screenshots.Basedon_Condiation"/>
</testsuite> <!-- com.selenium.screenshots.Basedon_Condiation -->
