<?xml version="1.0" encoding="UTF-8"?>
<!-- Generated by org.testng.reporters.JUnitReportReporter -->
<testsuite skipped="0" hostname="Lenovo" name="com.selenium.Reseizable.Reseizable" tests="1" failures="0" timestamp="10 Jul 2018 13:23:19 GMT" time="9.031" errors="0">
  <testcase name="Reseizable_element" time="9.031" classname="com.selenium.Reseizable.Reseizable"/>
</testsuite> <!-- com.selenium.Reseizable.Reseizable -->
