<?xml version="1.0" encoding="UTF-8"?>
<!-- Generated by org.testng.reporters.JUnitReportReporter -->
<testsuite skipped="0" hostname="Lenovo" name="com.selenium.poi.excel.ReadDataFromExcelFileByName" tests="1" failures="0" timestamp="19 Jul 2018 15:11:44 GMT" time="0.869" errors="0">
  <testcase name="f" time="0.869" classname="com.selenium.poi.excel.ReadDataFromExcelFileByName"/>
</testsuite> <!-- com.selenium.poi.excel.ReadDataFromExcelFileByName -->
