<?xml version="1.0" encoding="UTF-8"?>
<!-- Generated by org.testng.reporters.JUnitReportReporter -->
<testsuite skipped="0" hostname="Lenovo" name="com.selenium.WebCalender.DynamicWebcalender" tests="1" failures="0" timestamp="16 Jul 2018 10:58:38 GMT" time="31.107" errors="0">
  <testcase name="f" time="31.107" classname="com.selenium.WebCalender.DynamicWebcalender"/>
</testsuite> <!-- com.selenium.WebCalender.DynamicWebcalender -->
