<?xml version="1.0" encoding="UTF-8"?>
<!-- Generated by org.testng.reporters.JUnitReportReporter -->
<testsuite skipped="0" hostname="Lenovo" name="com.selenium.switchTOwindows.Switch_To_Windows" tests="1" failures="0" timestamp="04 Jul 2018 08:49:47 GMT" time="6.117" errors="0">
  <testcase name="verifyPopUp" time="6.117" classname="com.selenium.switchTOwindows.Switch_To_Windows"/>
</testsuite> <!-- com.selenium.switchTOwindows.Switch_To_Windows -->
