<?xml version="1.0" encoding="UTF-8"?>
<!-- Generated by org.testng.reporters.JUnitReportReporter -->
<testsuite skipped="1" hostname="Lenovo" name="com.selenium.Alldropdownvales.All_Drop_Down_Values" tests="2" failures="0" timestamp="27 Jun 2018 10:32:28 GMT" time="19.195" errors="0">
  <testcase name="Drop_Down_values" time="19.195" classname="com.selenium.Alldropdownvales.All_Drop_Down_Values"/>
  <testcase name="Amazon_Drop_Down_2" classname="com.selenium.Alldropdownvales.All_Drop_Down_Values">
    <skipped/>
  </testcase> <!-- Amazon_Drop_Down_2 -->
</testsuite> <!-- com.selenium.Alldropdownvales.All_Drop_Down_Values -->
