<?xml version="1.0" encoding="UTF-8"?>
<!-- Generated by org.testng.reporters.JUnitReportReporter -->
<testsuite skipped="0" hostname="Lenovo" name="com.selenium.brokenlinks.Broken_Links" tests="1" failures="0" timestamp="26 Jun 2018 08:58:48 GMT" time="83.654" errors="0">
  <testcase name="Linkstest_1" time="83.654" classname="com.selenium.brokenlinks.Broken_Links"/>
</testsuite> <!-- com.selenium.brokenlinks.Broken_Links -->
