<?xml version="1.0" encoding="UTF-8"?>
<!-- Generated by org.testng.reporters.JUnitReportReporter -->
<testsuite skipped="0" hostname="Lenovo" name="com.selenium.ClickCheckbox.Click_All_Check_Boxs" tests="1" failures="0" timestamp="28 Jun 2018 09:52:04 GMT" time="3.735" errors="0">
  <testcase name="Click_c_Box" time="3.735" classname="com.selenium.ClickCheckbox.Click_All_Check_Boxs"/>
</testsuite> <!-- com.selenium.ClickCheckbox.Click_All_Check_Boxs -->
