<?xml version="1.0" encoding="UTF-8"?>
<!-- Generated by org.testng.reporters.JUnitReportReporter -->
<testsuite skipped="0" hostname="Lenovo" name="com.selenium.chechbox.Chech_Box_Properties" tests="1" failures="0" timestamp="28 Jun 2018 10:07:31 GMT" time="0.483" errors="0">
  <testcase name="Click_Check_Box" time="0.483" classname="com.selenium.chechbox.Chech_Box_Properties"/>
</testsuite> <!-- com.selenium.chechbox.Chech_Box_Properties -->
