<?xml version="1.0" encoding="UTF-8"?>
<!-- Generated by org.testng.reporters.JUnitReportReporter -->
<testsuite skipped="0" hostname="Lenovo" name="com.selenium.poi.excel.Read_Data" tests="1" failures="0" timestamp="16 Jul 2018 11:36:51 GMT" time="0.897" errors="0">
  <testcase name="f" time="0.897" classname="com.selenium.poi.excel.Read_Data"/>
</testsuite> <!-- com.selenium.poi.excel.Read_Data -->
