<?xml version="1.0" encoding="UTF-8"?>
<!-- Generated by org.testng.reporters.JUnitReportReporter -->
<testsuite skipped="0" hostname="Lenovo" name="com.vsoft.selenium.Selenium_maven.TC001_HMS" tests="1" failures="0" timestamp="25 Jun 2018 17:09:34 GMT" time="4.231" errors="0">
  <testcase name="TC001" time="4.231" classname="com.vsoft.selenium.Selenium_maven.TC001_HMS"/>
</testsuite> <!-- com.vsoft.selenium.Selenium_maven.TC001_HMS -->
