<?xml version="1.0" encoding="UTF-8"?>
<!-- Generated by org.testng.reporters.JUnitReportReporter -->
<testsuite skipped="0" hostname="Lenovo" name="com.selenium.dynamiclinks.LinkTest2" tests="1" failures="0" timestamp="06 Jul 2018 12:24:41 GMT" time="15.651" errors="0">
  <testcase name="f" time="15.651" classname="com.selenium.dynamiclinks.LinkTest2"/>
</testsuite> <!-- com.selenium.dynamiclinks.LinkTest2 -->
