<?xml version="1.0" encoding="UTF-8"?>
<!-- Generated by org.testng.reporters.JUnitReportReporter -->
<testsuite skipped="0" hostname="Lenovo" name="com.selenium.TDropDown.TDropDown" tests="1" failures="0" timestamp="26 Jun 2018 07:04:02 GMT" time="2.279" errors="0">
  <testcase name="DropDownTest" time="2.279" classname="com.selenium.TDropDown.TDropDown"/>
</testsuite> <!-- com.selenium.TDropDown.TDropDown -->
