<?xml version="1.0" encoding="UTF-8"?>
<!-- Generated by org.testng.reporters.JUnitReportReporter -->
<testsuite skipped="0" hostname="Lenovo" name="com.selenium.maps.MapWithDataProvider" tests="12" failures="0" timestamp="25 Jul 2018 15:53:59 GMT" time="0.064" errors="0">
  <testcase name="Test" time="0.000" classname="com.selenium.maps.MapWithDataProvider"/>
  <testcase name="Test" time="0.016" classname="com.selenium.maps.MapWithDataProvider"/>
  <testcase name="Test" time="0.016" classname="com.selenium.maps.MapWithDataProvider"/>
  <testcase name="Test" time="0.000" classname="com.selenium.maps.MapWithDataProvider"/>
  <testcase name="Test" time="0.016" classname="com.selenium.maps.MapWithDataProvider"/>
  <testcase name="Test" time="0.000" classname="com.selenium.maps.MapWithDataProvider"/>
  <testcase name="Test" time="0.000" classname="com.selenium.maps.MapWithDataProvider"/>
  <testcase name="Test" time="0.000" classname="com.selenium.maps.MapWithDataProvider"/>
  <testcase name="Test" time="0.000" classname="com.selenium.maps.MapWithDataProvider"/>
  <testcase name="Test" time="0.000" classname="com.selenium.maps.MapWithDataProvider"/>
  <testcase name="Test" time="0.016" classname="com.selenium.maps.MapWithDataProvider"/>
  <testcase name="Test" time="0.000" classname="com.selenium.maps.MapWithDataProvider"/>
</testsuite> <!-- com.selenium.maps.MapWithDataProvider -->
