<?xml version="1.0" encoding="UTF-8"?>
<!-- Generated by org.testng.reporters.JUnitReportReporter -->
<testsuite skipped="0" hostname="Lenovo" name="com.selenium.screenshots.ScreenShot_Complete_Page" tests="1" failures="0" timestamp="06 Jul 2018 11:41:02 GMT" time="0.870" errors="0">
  <testcase name="f" time="0.870" classname="com.selenium.screenshots.ScreenShot_Complete_Page"/>
</testsuite> <!-- com.selenium.screenshots.ScreenShot_Complete_Page -->
