<?xml version="1.0" encoding="UTF-8"?>
<!-- Generated by org.testng.reporters.JUnitReportReporter -->
<testsuite skipped="0" hostname="Lenovo" name="com.selenium.staticlinks.Linktest1" tests="1" failures="0" timestamp="25 Jun 2018 16:25:55 GMT" time="31.898" errors="0">
  <testcase name="f" time="31.898" classname="com.selenium.staticlinks.Linktest1"/>
</testsuite> <!-- com.selenium.staticlinks.Linktest1 -->
