<?xml version="1.0" encoding="UTF-8"?>
<!-- Generated by org.testng.reporters.JUnitReportReporter -->
<testsuite skipped="0" hostname="Lenovo" name="com.selenium.chechbox.Click_Check_Box" tests="1" failures="0" timestamp="28 Jun 2018 10:13:23 GMT" time="1.137" errors="0">
  <testcase name="f" time="1.137" classname="com.selenium.chechbox.Click_Check_Box"/>
</testsuite> <!-- com.selenium.chechbox.Click_Check_Box -->
