<?xml version="1.0" encoding="UTF-8"?>
<!-- Generated by org.testng.reporters.JUnitReportReporter -->
<testsuite skipped="0" hostname="Lenovo" name="com.selenium.screenshots.BasedON_Requirement" tests="1" failures="0" timestamp="06 Jul 2018 11:48:23 GMT" time="11.335" errors="0">
  <testcase name="f" time="11.335" classname="com.selenium.screenshots.BasedON_Requirement"/>
</testsuite> <!-- com.selenium.screenshots.BasedON_Requirement -->
