<?xml version="1.0" encoding="UTF-8"?>
<!-- Generated by org.testng.reporters.JUnitReportReporter -->
<testsuite skipped="0" hostname="Lenovo" name="com.selenium.poi.excel.WriteDataToExcelByIndex" tests="1" failures="0" timestamp="19 Jul 2018 17:13:58 GMT" time="1.390" errors="0">
  <testcase name="f" time="1.390" classname="com.selenium.poi.excel.WriteDataToExcelByIndex"/>
</testsuite> <!-- com.selenium.poi.excel.WriteDataToExcelByIndex -->
